[35m[Appium][39m Welcome to Appium v1.22.3
[35m[Appium][39m Non-default server args:
[35m[Appium][39m   port: 61439
[35m[Appium][39m   loglevel: info
[35m[Appium][39m   tmpDir: C:\Users\HIBA~1.NAA\AppData\Local\Temp\\Katalon\Appium\Temp1695726783615
[35m[Appium][39m   chromedriverPort: 61440
[35m[Appium][39m Deprecated server args:
[35m[Appium][39m   [31m--chromedriver-port[39m => --default-capabilities
[35m[Appium][39m Default capabilities, which will be added to each request unless overridden by desired capabilities:
[35m[Appium][39m   chromedriverPort: 61440
[35m[Appium][39m Appium REST http interface listener started on 0.0.0.0:61439
[35m[HTTP][39m [37m-->[39m [37mGET[39m [37m/wd/hub/status[39m
[35m[HTTP][39m [90m{}[39m
[35m[HTTP][39m [37m<-- GET /wd/hub/status [39m[32m200[39m [90m19 ms - 68[39m
[35m[HTTP][39m [90m[39m
[35m[HTTP][39m [37m-->[39m [37mGET[39m [37m/wd/hub/status[39m
[35m[HTTP][39m [90m{}[39m
[35m[HTTP][39m [37m<-- GET /wd/hub/status [39m[32m200[39m [90m1 ms - 68[39m
[35m[HTTP][39m [90m[39m
[35m[HTTP][39m [37m-->[39m [37mPOST[39m [37m/wd/hub/session[39m
[35m[HTTP][39m [90m{"desiredCapabilities":{"app":"C:\\Users\\hiba.naaz\\Katalon Studio\\MobileProject\\androidapp\\APIDemos.apk","noReset":true,"deviceName":"vivo I2212 (Android 13)","fullReset":false,"platform":"ANDROID","newCommandTimeout":1800,"platformVersion":"13","automationName":"uiautomator2","autoGrantPermissions":true,"platformName":"Android","udid":"10BCCZ0LA60000T","systemPort":61448},"capabilities":{"firstMatch":[{"appium:app":"C:\\Users\\hiba.naaz\\Katalon Studio\\MobileProject\\androidapp\\APIDemos.apk","appium:autoGrantPermissions":true,"appium:automationName":"uiautomator2","appium:deviceName":"vivo I2212 (Android 13)","appium:fullReset":false,"appium:newCommandTimeout":1800,"appium:noReset":true,"platform":"ANDROID","platformName":"android","appium:platformVersion":"13","appium:systemPort":61448,"appium:udid":"10BCCZ0LA60000T"}]}}[39m
[35m[BaseDriver][39m The following capabilities are not standard capabilities and should have an extension prefix:
[35m[BaseDriver][39m   platform
[35m[BaseDriver][39m   chromedriverPort
[35m[Appium][39m Appium v1.22.3 creating new AndroidUiautomator2Driver (v1.70.1) session
[35m[BaseDriver][39m The following capabilities were provided, but are not recognized by Appium:
[35m[BaseDriver][39m   platform
[35m[BaseDriver][39m Session created with session id: ced91979-e532-4057-8788-fed621fd5df9
[35m[BaseDriver][39m Using local app 'C:\Users\hiba.naaz\Katalon Studio\MobileProject\androidapp\APIDemos.apk'
[35m[ADB][39m Found 2 'build-tools' folders under 'C:\Users\hiba.naaz\AppData\Local\Android\Sdk' (newest first):
[35m[ADB][39m     C:/Users/hiba.naaz/AppData/Local/Android/Sdk/build-tools/33.0.1
[35m[ADB][39m     C:/Users/hiba.naaz/AppData/Local/Android/Sdk/build-tools/30.0.3
[35m[ADB][39m Using 'adb.exe' from 'C:\Users\hiba.naaz\AppData\Local\Android\Sdk\platform-tools\adb.exe'
[35m[AndroidDriver][39m Retrieving device list
[35m[AndroidDriver][39m Using device: 10BCCZ0LA60000T
[35m[ADB][39m Using 'adb.exe' from 'C:\Users\hiba.naaz\AppData\Local\Android\Sdk\platform-tools\adb.exe'
[35m[ADB][39m Getting device platform version
[35m[UiAutomator2][39m Relaxing hidden api policy
[35m[ADB][39m Package name: 'io.appium.android.apis'
[35m[ADB][39m Main activity name: 'io.appium.android.apis.ApiDemos'
[35m[ADB][39m The application at 'C:\Users\hiba.naaz\AppData\Roaming\npm\node_modules\appium\node_modules\io.appium.settings\apks\settings_apk-debug.apk' will not be cached, because the device under test has confirmed the support of streamed installs
[35m[ADB][39m The installation of 'settings_apk-debug.apk' took 2076ms
[35m[ADB][39m Using 'apksigner.jar' from 'C:\Users\hiba.naaz\AppData\Local\Android\Sdk\build-tools\33.0.1\lib\apksigner.jar'
[35m[ADB][39m 'C:\Users\hiba.naaz\AppData\Roaming\npm\node_modules\appium\node_modules\appium-uiautomator2-server\apks\appium-uiautomator2-server-v4.27.0.apk' is signed with the default certificate
[35m[ADB][39m 'C:\Users\hiba.naaz\AppData\Roaming\npm\node_modules\appium\node_modules\appium-uiautomator2-server\apks\appium-uiautomator2-server-debug-androidTest.apk' is signed with the default certificate
[35m[UiAutomator2][39m Server packages are not going to be (re)installed
[35m[ADB][39m Adding packages ["io.appium.settings","io.appium.uiautomator2.server","io.appium.uiautomator2.server.test"] to Doze whitelist
[35m[ADB][39m 'C:\Users\hiba.naaz\Katalon Studio\MobileProject\androidapp\APIDemos.apk' is signed with a non-default certificate
[35m[ADB][39m The application at 'C:\Users\hiba.naaz\Katalon Studio\MobileProject\androidapp\APIDemos.apk' will not be cached, because the device under test has confirmed the support of streamed installs
[35m[ADB][39m The installation of 'APIDemos.apk' took 2434ms
[35m[UiAutomator2][39m Starting UIAutomator2 server 4.27.0
[35m[UiAutomator2][39m Using UIAutomator2 server from 'C:\Users\hiba.naaz\AppData\Roaming\npm\node_modules\appium\node_modules\appium-uiautomator2-server\apks\appium-uiautomator2-server-v4.27.0.apk' and test from 'C:\Users\hiba.naaz\AppData\Roaming\npm\node_modules\appium\node_modules\appium-uiautomator2-server\apks\appium-uiautomator2-server-debug-androidTest.apk'
[35m[UiAutomator2][39m Waiting up to 30000ms for UiAutomator2 to be online...
[35m[WD Proxy][39m socket hang up
[35m[WD Proxy][39m socket hang up
[35m[WD Proxy][39m Determined the downstream protocol as 'W3C'
[35m[AndroidDriver][39m Screen already unlocked, doing nothing
[35m[UiAutomator2][39m Starting 'io.appium.android.apis/io.appium.android.apis.ApiDemos and waiting for 'io.appium.android.apis/io.appium.android.apis.ApiDemos'
[35m[Appium][39m New AndroidUiautomator2Driver session created successfully, session ced91979-e532-4057-8788-fed621fd5df9 added to master session list
[35m[HTTP][39m [37m<-- POST /wd/hub/session [39m[32m200[39m [90m12003 ms - 1317[39m
[35m[HTTP][39m [90m[39m
[35m[HTTP][39m [37m-->[39m [37mGET[39m [37m/wd/hub/session/ced91979-e532-4057-8788-fed621fd5df9[39m
[35m[HTTP][39m [90m{}[39m
[35m[HTTP][39m [37m<-- GET /wd/hub/session/ced91979-e532-4057-8788-fed621fd5df9 [39m[32m200[39m [90m6 ms - 1271[39m
[35m[HTTP][39m [90m[39m
[35m[HTTP][39m [37m-->[39m [37mGET[39m [37m/wd/hub/session/ced91979-e532-4057-8788-fed621fd5df9[39m
[35m[HTTP][39m [90m{}[39m
[35m[HTTP][39m [37m<-- GET /wd/hub/session/ced91979-e532-4057-8788-fed621fd5df9 [39m[32m200[39m [90m5 ms - 1271[39m
[35m[HTTP][39m [90m[39m
[35m[HTTP][39m [37m-->[39m [37mGET[39m [37m/wd/hub/status[39m
[35m[HTTP][39m [90m{}[39m
[35m[HTTP][39m [37m<-- GET /wd/hub/status [39m[32m200[39m [90m1 ms - 68[39m
[35m[HTTP][39m [90m[39m
[35m[HTTP][39m [37m-->[39m [37mPOST[39m [37m/wd/hub/session/ced91979-e532-4057-8788-fed621fd5df9/timeouts[39m
[35m[HTTP][39m [90m{"implicit":60000}[39m
[35m[HTTP][39m [37m<-- POST /wd/hub/session/ced91979-e532-4057-8788-fed621fd5df9/timeouts [39m[32m200[39m [90m3 ms - 14[39m
[35m[HTTP][39m [90m[39m
[35m[HTTP][39m [37m-->[39m [37mGET[39m [37m/wd/hub/session/ced91979-e532-4057-8788-fed621fd5df9/source[39m
[35m[HTTP][39m [90m{}[39m
[35m[W3C (ced91979)][39m Driver proxy active, passing request on via HTTP proxy
[35m[WD Proxy][39m Replacing sessionId 61fef103-c7f3-4476-b569-4076a51021db with ced91979-e532-4057-8788-fed621fd5df9
[35m[HTTP][39m [37m<-- GET /wd/hub/session/ced91979-e532-4057-8788-fed621fd5df9/source [39m[32m200[39m [90m66 ms - 9398[39m
[35m[HTTP][39m [90m[39m
[35m[HTTP][39m [37m-->[39m [37mGET[39m [37m/wd/hub/session/ced91979-e532-4057-8788-fed621fd5df9/screenshot[39m
[35m[HTTP][39m [90m{}[39m
[35m[HTTP][39m [37m<-- GET /wd/hub/session/ced91979-e532-4057-8788-fed621fd5df9/screenshot [39m[32m200[39m [90m283 ms - 271330[39m
[35m[HTTP][39m [90m[39m
[35m[HTTP][39m [37m-->[39m [37mPOST[39m [37m/wd/hub/session/ced91979-e532-4057-8788-fed621fd5df9/elements[39m
[35m[HTTP][39m [90m{"using":"xpath","value":"//*[@class = 'android.widget.TextView' and (@text = 'App' or . = 'App') and @resource-id = 'android:id/text1']"}[39m
[35m[HTTP][39m [37m<-- POST /wd/hub/session/ced91979-e532-4057-8788-fed621fd5df9/elements [39m[32m200[39m [90m989 ms - 139[39m
[35m[HTTP][39m [90m[39m
[35m[HTTP][39m [37m-->[39m [37mGET[39m [37m/wd/hub/session/ced91979-e532-4057-8788-fed621fd5df9/window/rect[39m
[35m[HTTP][39m [90m{}[39m
[35m[HTTP][39m [37m<-- GET /wd/hub/session/ced91979-e532-4057-8788-fed621fd5df9/window/rect [39m[32m200[39m [90m26 ms - 50[39m
[35m[HTTP][39m [90m[39m
[35m[HTTP][39m [37m-->[39m [37mPOST[39m [37m/wd/hub/session/ced91979-e532-4057-8788-fed621fd5df9/elements[39m
[35m[HTTP][39m [90m{"using":"xpath","value":"//*[@class = 'android.widget.TextView' and (@text = 'App' or . = 'App') and @resource-id = 'android:id/text1']"}[39m
[35m[HTTP][39m [37m<-- POST /wd/hub/session/ced91979-e532-4057-8788-fed621fd5df9/elements [39m[32m200[39m [90m55 ms - 139[39m
[35m[HTTP][39m [90m[39m
[35m[HTTP][39m [37m-->[39m [37mGET[39m [37m/wd/hub/session/ced91979-e532-4057-8788-fed621fd5df9/element/00000000-0000-0066-ffff-ffff0000000c/location[39m
[35m[HTTP][39m [90m{}[39m
[35m[W3C (ced91979)][39m Driver proxy active, passing request on via HTTP proxy
[35m[WD Proxy][39m Replacing sessionId 61fef103-c7f3-4476-b569-4076a51021db with ced91979-e532-4057-8788-fed621fd5df9
[35m[HTTP][39m [37m<-- GET /wd/hub/session/ced91979-e532-4057-8788-fed621fd5df9/element/00000000-0000-0066-ffff-ffff0000000c/location [39m[32m200[39m [90m29 ms - 76[39m
[35m[HTTP][39m [90m[39m
[35m[HTTP][39m [37m-->[39m [37mPOST[39m [37m/wd/hub/session/ced91979-e532-4057-8788-fed621fd5df9/element/00000000-0000-0066-ffff-ffff0000000c/click[39m
[35m[HTTP][39m [90m{"id":"00000000-0000-0066-ffff-ffff0000000c"}[39m
[35m[HTTP][39m [37m<-- POST /wd/hub/session/ced91979-e532-4057-8788-fed621fd5df9/element/00000000-0000-0066-ffff-ffff0000000c/click [39m[32m200[39m [90m1220 ms - 14[39m
[35m[HTTP][39m [90m[39m
[35m[HTTP][39m [37m-->[39m [37mGET[39m [37m/wd/hub/session/ced91979-e532-4057-8788-fed621fd5df9/source[39m
[35m[HTTP][39m [90m{}[39m
[35m[W3C (ced91979)][39m Driver proxy active, passing request on via HTTP proxy
[35m[WD Proxy][39m Replacing sessionId 61fef103-c7f3-4476-b569-4076a51021db with ced91979-e532-4057-8788-fed621fd5df9
[35m[HTTP][39m [37m<-- GET /wd/hub/session/ced91979-e532-4057-8788-fed621fd5df9/source [39m[32m200[39m [90m1022 ms - 9556[39m
[35m[HTTP][39m [90m[39m
[35m[HTTP][39m [37m-->[39m [37mGET[39m [37m/wd/hub/session/ced91979-e532-4057-8788-fed621fd5df9/screenshot[39m
[35m[HTTP][39m [90m{}[39m
[35m[HTTP][39m [37m<-- GET /wd/hub/session/ced91979-e532-4057-8788-fed621fd5df9/screenshot [39m[32m200[39m [90m364 ms - 213606[39m
[35m[HTTP][39m [90m[39m
[35m[HTTP][39m [37m-->[39m [37mPOST[39m [37m/wd/hub/session/ced91979-e532-4057-8788-fed621fd5df9/elements[39m
[35m[HTTP][39m [90m{"using":"xpath","value":"//*[@class = 'android.widget.TextView' and (@text = 'Alarm' or . = 'Alarm') and @resource-id = 'android:id/text1']"}[39m
[35m[HTTP][39m [37m<-- POST /wd/hub/session/ced91979-e532-4057-8788-fed621fd5df9/elements [39m[32m200[39m [90m83 ms - 139[39m
[35m[HTTP][39m [90m[39m
[35m[HTTP][39m [37m-->[39m [37mGET[39m [37m/wd/hub/session/ced91979-e532-4057-8788-fed621fd5df9/window/rect[39m
[35m[HTTP][39m [90m{}[39m
[35m[HTTP][39m [37m<-- GET /wd/hub/session/ced91979-e532-4057-8788-fed621fd5df9/window/rect [39m[32m200[39m [90m31 ms - 50[39m
[35m[HTTP][39m [90m[39m
[35m[HTTP][39m [37m-->[39m [37mPOST[39m [37m/wd/hub/session/ced91979-e532-4057-8788-fed621fd5df9/elements[39m
[35m[HTTP][39m [90m{"using":"xpath","value":"//*[@class = 'android.widget.TextView' and (@text = 'Alarm' or . = 'Alarm') and @resource-id = 'android:id/text1']"}[39m
[35m[HTTP][39m [37m<-- POST /wd/hub/session/ced91979-e532-4057-8788-fed621fd5df9/elements [39m[32m200[39m [90m131 ms - 139[39m
[35m[HTTP][39m [90m[39m
[35m[HTTP][39m [37m-->[39m [37mGET[39m [37m/wd/hub/session/ced91979-e532-4057-8788-fed621fd5df9/element/00000000-0000-0067-ffff-ffff00000021/location[39m
[35m[HTTP][39m [90m{}[39m
[35m[W3C (ced91979)][39m Driver proxy active, passing request on via HTTP proxy
[35m[WD Proxy][39m Replacing sessionId 61fef103-c7f3-4476-b569-4076a51021db with ced91979-e532-4057-8788-fed621fd5df9
[35m[HTTP][39m [37m<-- GET /wd/hub/session/ced91979-e532-4057-8788-fed621fd5df9/element/00000000-0000-0067-ffff-ffff00000021/location [39m[32m200[39m [90m31 ms - 76[39m
[35m[HTTP][39m [90m[39m
[35m[HTTP][39m [37m-->[39m [37mPOST[39m [37m/wd/hub/session/ced91979-e532-4057-8788-fed621fd5df9/element/00000000-0000-0067-ffff-ffff00000021/click[39m
[35m[HTTP][39m [90m{"id":"00000000-0000-0067-ffff-ffff00000021"}[39m
[35m[HTTP][39m [37m<-- POST /wd/hub/session/ced91979-e532-4057-8788-fed621fd5df9/element/00000000-0000-0067-ffff-ffff00000021/click [39m[32m200[39m [90m1581 ms - 14[39m
[35m[HTTP][39m [90m[39m
[35m[HTTP][39m [37m-->[39m [37mGET[39m [37m/wd/hub/session/ced91979-e532-4057-8788-fed621fd5df9/source[39m
[35m[HTTP][39m [90m{}[39m
[35m[W3C (ced91979)][39m Driver proxy active, passing request on via HTTP proxy
[35m[WD Proxy][39m Replacing sessionId 61fef103-c7f3-4476-b569-4076a51021db with ced91979-e532-4057-8788-fed621fd5df9
[35m[HTTP][39m [37m<-- GET /wd/hub/session/ced91979-e532-4057-8788-fed621fd5df9/source [39m[32m200[39m [90m495 ms - 4185[39m
[35m[HTTP][39m [90m[39m
[35m[HTTP][39m [37m-->[39m [37mGET[39m [37m/wd/hub/session/ced91979-e532-4057-8788-fed621fd5df9/screenshot[39m
[35m[HTTP][39m [90m{}[39m
[35m[HTTP][39m [37m<-- GET /wd/hub/session/ced91979-e532-4057-8788-fed621fd5df9/screenshot [39m[32m200[39m [90m333 ms - 101192[39m
[35m[HTTP][39m [90m[39m
[35m[HTTP][39m [37m-->[39m [37mPOST[39m [37m/wd/hub/session/ced91979-e532-4057-8788-fed621fd5df9/elements[39m
[35m[HTTP][39m [90m{"using":"xpath","value":"//*[@class = 'android.widget.TextView' and (@text = 'Alarm Service' or . = 'Alarm Service') and @resource-id = 'android:id/text1']"}[39m
[35m[HTTP][39m [37m<-- POST /wd/hub/session/ced91979-e532-4057-8788-fed621fd5df9/elements [39m[32m200[39m [90m88 ms - 139[39m
[35m[HTTP][39m [90m[39m
[35m[HTTP][39m [37m-->[39m [37mGET[39m [37m/wd/hub/session/ced91979-e532-4057-8788-fed621fd5df9/window/rect[39m
[35m[HTTP][39m [90m{}[39m
[35m[HTTP][39m [37m<-- GET /wd/hub/session/ced91979-e532-4057-8788-fed621fd5df9/window/rect [39m[32m200[39m [90m17 ms - 50[39m
[35m[HTTP][39m [90m[39m
[35m[HTTP][39m [37m-->[39m [37mPOST[39m [37m/wd/hub/session/ced91979-e532-4057-8788-fed621fd5df9/elements[39m
[35m[HTTP][39m [90m{"using":"xpath","value":"//*[@class = 'android.widget.TextView' and (@text = 'Alarm Service' or . = 'Alarm Service') and @resource-id = 'android:id/text1']"}[39m
[35m[HTTP][39m [37m<-- POST /wd/hub/session/ced91979-e532-4057-8788-fed621fd5df9/elements [39m[32m200[39m [90m95 ms - 139[39m
[35m[HTTP][39m [90m[39m
[35m[HTTP][39m [37m-->[39m [37mGET[39m [37m/wd/hub/session/ced91979-e532-4057-8788-fed621fd5df9/element/00000000-0000-0068-ffff-ffff00000038/location[39m
[35m[HTTP][39m [90m{}[39m
[35m[W3C (ced91979)][39m Driver proxy active, passing request on via HTTP proxy
[35m[WD Proxy][39m Replacing sessionId 61fef103-c7f3-4476-b569-4076a51021db with ced91979-e532-4057-8788-fed621fd5df9
[35m[HTTP][39m [37m<-- GET /wd/hub/session/ced91979-e532-4057-8788-fed621fd5df9/element/00000000-0000-0068-ffff-ffff00000038/location [39m[32m200[39m [90m23 ms - 76[39m
[35m[HTTP][39m [90m[39m
[35m[HTTP][39m [37m-->[39m [37mPOST[39m [37m/wd/hub/session/ced91979-e532-4057-8788-fed621fd5df9/element/00000000-0000-0068-ffff-ffff00000038/click[39m
[35m[HTTP][39m [90m{"id":"00000000-0000-0068-ffff-ffff00000038"}[39m
[35m[HTTP][39m [37m<-- POST /wd/hub/session/ced91979-e532-4057-8788-fed621fd5df9/element/00000000-0000-0068-ffff-ffff00000038/click [39m[32m200[39m [90m1277 ms - 14[39m
[35m[HTTP][39m [90m[39m
[35m[HTTP][39m [37m-->[39m [37mGET[39m [37m/wd/hub/session/ced91979-e532-4057-8788-fed621fd5df9/source[39m
[35m[HTTP][39m [90m{}[39m
[35m[W3C (ced91979)][39m Driver proxy active, passing request on via HTTP proxy
[35m[WD Proxy][39m Replacing sessionId 61fef103-c7f3-4476-b569-4076a51021db with ced91979-e532-4057-8788-fed621fd5df9
[35m[HTTP][39m [37m<-- GET /wd/hub/session/ced91979-e532-4057-8788-fed621fd5df9/source [39m[32m200[39m [90m180 ms - 9556[39m
[35m[HTTP][39m [90m[39m
[35m[HTTP][39m [37m-->[39m [37mGET[39m [37m/wd/hub/session/ced91979-e532-4057-8788-fed621fd5df9/screenshot[39m
[35m[HTTP][39m [90m{}[39m
[35m[HTTP][39m [37m<-- GET /wd/hub/session/ced91979-e532-4057-8788-fed621fd5df9/screenshot [39m[32m200[39m [90m255 ms - 213360[39m
[35m[HTTP][39m [90m[39m
[35m[HTTP][39m [37m-->[39m [37mDELETE[39m [37m/wd/hub/session/ced91979-e532-4057-8788-fed621fd5df9[39m
[35m[HTTP][39m [90m{}[39m
[35m[Appium][39m Removing session ced91979-e532-4057-8788-fed621fd5df9 from our master session list
[35m[UiAutomator2][39m Restoring hidden api policy to the device default configuration
[35m[HTTP][39m [37m<-- DELETE /wd/hub/session/ced91979-e532-4057-8788-fed621fd5df9 [39m[32m200[39m [90m517 ms - 14[39m
[35m[HTTP][39m [90m[39m
